c:\users\heshan\documents\visual studio 2015\projects\buttonosci\buttonosci\debug\buttonosci.pch
c:\users\heshan\documents\visual studio 2015\projects\buttonosci\buttonosci\debug\vc140.pdb
c:\users\heshan\documents\visual studio 2015\projects\buttonosci\buttonosci\debug\vc140.idb
c:\users\heshan\documents\visual studio 2015\projects\buttonosci\buttonosci\debug\stdafx.obj
c:\users\heshan\documents\visual studio 2015\projects\buttonosci\buttonosci\debug\buttonosci.obj
c:\users\heshan\documents\visual studio 2015\projects\buttonosci\buttonosci\debug\buttonoscidlg.obj
c:\users\heshan\documents\visual studio 2015\projects\buttonosci\buttonosci\debug\oscilloscope.obj
c:\users\heshan\documents\visual studio 2015\projects\buttonosci\buttonosci\debug\formatcheck.obj
c:\users\heshan\documents\visual studio 2015\projects\buttonosci\buttonosci\debug\osciscale.obj
c:\users\heshan\documents\visual studio 2015\projects\buttonosci\buttonosci\debug\formatedit.obj
c:\users\heshan\documents\visual studio 2015\projects\buttonosci\debug\buttonosci.ilk
c:\users\heshan\documents\visual studio 2015\projects\buttonosci\debug\buttonosci.exe
c:\users\heshan\documents\visual studio 2015\projects\buttonosci\debug\buttonosci.pdb
c:\users\heshan\documents\visual studio 2015\projects\buttonosci\buttonosci\debug\buttonosci.res
c:\users\heshan\documents\visual studio 2015\projects\buttonosci\buttonosci\debug\buttonosci.tlog\cl.command.1.tlog
c:\users\heshan\documents\visual studio 2015\projects\buttonosci\buttonosci\debug\buttonosci.tlog\cl.read.1.tlog
c:\users\heshan\documents\visual studio 2015\projects\buttonosci\buttonosci\debug\buttonosci.tlog\cl.write.1.tlog
c:\users\heshan\documents\visual studio 2015\projects\buttonosci\buttonosci\debug\buttonosci.tlog\link.command.1.tlog
c:\users\heshan\documents\visual studio 2015\projects\buttonosci\buttonosci\debug\buttonosci.tlog\link.read.1.tlog
c:\users\heshan\documents\visual studio 2015\projects\buttonosci\buttonosci\debug\buttonosci.tlog\link.write.1.tlog
c:\users\heshan\documents\visual studio 2015\projects\buttonosci\buttonosci\debug\buttonosci.tlog\rc.command.1.tlog
c:\users\heshan\documents\visual studio 2015\projects\buttonosci\buttonosci\debug\buttonosci.tlog\rc.read.1.tlog
c:\users\heshan\documents\visual studio 2015\projects\buttonosci\buttonosci\debug\buttonosci.tlog\rc.write.1.tlog
